#-----------------------------------------------------------
# Vivado v2018.3 (64-bit)
# SW Build 2405991 on Thu Dec  6 23:38:27 MST 2018
# IP Build 2404404 on Fri Dec  7 01:43:56 MST 2018
# Start of session at: Tue Jul 30 22:02:37 2024
# Process ID: 8976
# Current directory: C:/Users/ackon/OneDrive/Desktop/finalproject
# Command line: vivado.exe -gui_launcher_event rodinguilauncherevent25004 C:\Users\ackon\OneDrive\Desktop\finalproject\finalproject.xpr
# Log file: C:/Users/ackon/OneDrive/Desktop/finalproject/vivado.log
# Journal file: C:/Users/ackon/OneDrive/Desktop/finalproject\vivado.jou
#-----------------------------------------------------------
start_gui
open_project C:/Users/ackon/OneDrive/Desktop/finalproject/finalproject.xpr
Scanning sources...
Finished scanning sources
INFO: [IP_Flow 19-234] Refreshing IP repositories
INFO: [IP_Flow 19-1704] No user IP repositories specified
INFO: [IP_Flow 19-2313] Loaded Vivado IP repository 'C:/Xilinx/Vivado/2018.3/data/ip'.
update_compile_order -fileset sources_1
exit
INFO: [Common 17-206] Exiting Vivado at Tue Jul 30 22:03:50 2024...
