#-----------------------------------------------------------
# Vivado v2018.3 (64-bit)
# SW Build 2405991 on Thu Dec  6 23:38:27 MST 2018
# IP Build 2404404 on Fri Dec  7 01:43:56 MST 2018
# Start of session at: Wed Jul 31 08:12:44 2024
# Process ID: 37720
# Current directory: C:/Users/ackon/OneDrive/Desktop/finalproject
# Command line: vivado.exe -gui_launcher_event rodinguilauncherevent2808 C:\Users\ackon\OneDrive\Desktop\finalproject\finalproject.xpr
# Log file: C:/Users/ackon/OneDrive/Desktop/finalproject/vivado.log
# Journal file: C:/Users/ackon/OneDrive/Desktop/finalproject\vivado.jou
#-----------------------------------------------------------
start_gui
open_project C:/Users/ackon/OneDrive/Desktop/finalproject/finalproject.xpr
Scanning sources...
Finished scanning sources
INFO: [IP_Flow 19-234] Refreshing IP repositories
INFO: [IP_Flow 19-1704] No user IP repositories specified
INFO: [IP_Flow 19-2313] Loaded Vivado IP repository 'C:/Xilinx/Vivado/2018.3/data/ip'.
open_project: Time (s): cpu = 00:00:04 ; elapsed = 00:00:06 . Memory (MB): peak = 699.895 ; gain = 58.520
update_compile_order -fileset sources_1
set_property top tennisScoreboardDisplay [current_fileset]
update_compile_order -fileset sources_1
set_property top tennisScoreboardDisplay [get_filesets sim_1]
set_property top_lib xil_defaultlib [get_filesets sim_1]
update_compile_order -fileset sim_1
reset_run synth_1
launch_runs synth_1 -jobs 8
[Wed Jul 31 08:13:36 2024] Launched synth_1...
Run output will be captured here: C:/Users/ackon/OneDrive/Desktop/finalproject/finalproject.runs/synth_1/runme.log
launch_runs impl_1 -jobs 8
[Wed Jul 31 08:14:24 2024] Launched impl_1...
Run output will be captured here: C:/Users/ackon/OneDrive/Desktop/finalproject/finalproject.runs/impl_1/runme.log
launch_runs impl_1 -to_step write_bitstream -jobs 8
[Wed Jul 31 08:15:49 2024] Launched impl_1...
Run output will be captured here: C:/Users/ackon/OneDrive/Desktop/finalproject/finalproject.runs/impl_1/runme.log
open_hw
connect_hw_server
INFO: [Labtools 27-2285] Connecting to hw_server url TCP:localhost:3121
INFO: [Labtools 27-2222] Launching hw_server...
INFO: [Labtools 27-2221] Launch Output:

****** Xilinx hw_server v2018.3
  **** Build date : Dec  7 2018-00:40:27
    ** Copyright 1986-2018 Xilinx, Inc. All Rights Reserved.


open_hw_target
INFO: [Labtoolstcl 44-466] Opening hw_target localhost:3121/xilinx_tcf/Digilent/210183A6F30FA
set_property PROGRAM.FILE {C:/Users/ackon/OneDrive/Desktop/finalproject/finalproject.runs/impl_1/tennisScoreboardDisplay.bit} [get_hw_devices xc7a35t_0]
current_hw_device [get_hw_devices xc7a35t_0]
refresh_hw_device -update_hw_probes false [lindex [get_hw_devices xc7a35t_0] 0]
INFO: [Labtools 27-1435] Device xc7a35t (JTAG device index = 0) is not programmed (DONE status = 0).
set_property PROBES.FILE {} [get_hw_devices xc7a35t_0]
set_property FULL_PROBES.FILE {} [get_hw_devices xc7a35t_0]
set_property PROGRAM.FILE {C:/Users/ackon/OneDrive/Desktop/finalproject/finalproject.runs/impl_1/tennisScoreboardDisplay.bit} [get_hw_devices xc7a35t_0]
program_hw_devices [get_hw_devices xc7a35t_0]
INFO: [Labtools 27-3164] End of startup status: HIGH
refresh_hw_device [lindex [get_hw_devices xc7a35t_0] 0]
INFO: [Labtools 27-1434] Device xc7a35t (JTAG device index = 0) is programmed with a design that has no supported debug core(s) in it.
refresh_hw_device [lindex [get_hw_devices xc7a35t_0] 0]
INFO: [Labtools 27-1434] Device xc7a35t (JTAG device index = 0) is programmed with a design that has no supported debug core(s) in it.
ERROR: [Labtoolstcl 44-513] HW Target shutdown. Closing target: localhost:3121/xilinx_tcf/Digilent/210183A6F30FA
create_project project_1 C:/Users/ackon/OneDrive/Desktop/project_1 -part xc7a35tcpg236-1
INFO: [IP_Flow 19-234] Refreshing IP repositories
INFO: [IP_Flow 19-1704] No user IP repositories specified
INFO: [IP_Flow 19-2313] Loaded Vivado IP repository 'C:/Xilinx/Vivado/2018.3/data/ip'.
create_project: Time (s): cpu = 00:00:04 ; elapsed = 00:00:07 . Memory (MB): peak = 1764.918 ; gain = 20.527
file mkdir C:/Users/ackon/OneDrive/Desktop/project_1/project_1.srcs/sources_1/new
close [ open C:/Users/ackon/OneDrive/Desktop/project_1/project_1.srcs/sources_1/new/behavioral_tennis_counter.vhd w ]
add_files C:/Users/ackon/OneDrive/Desktop/project_1/project_1.srcs/sources_1/new/behavioral_tennis_counter.vhd
update_compile_order -fileset sources_1
file mkdir C:/Users/ackon/OneDrive/Desktop/project_1/project_1.srcs/constrs_1
file mkdir C:/Users/ackon/OneDrive/Desktop/project_1/project_1.srcs/constrs_1/new
close [ open C:/Users/ackon/OneDrive/Desktop/project_1/project_1.srcs/constrs_1/new/const.xdc w ]
add_files -fileset constrs_1 C:/Users/ackon/OneDrive/Desktop/project_1/project_1.srcs/constrs_1/new/const.xdc
current_project finalproject
reset_run synth_1
launch_runs synth_1 -jobs 8
[Wed Jul 31 08:28:08 2024] Launched synth_1...
Run output will be captured here: C:/Users/ackon/OneDrive/Desktop/finalproject/finalproject.runs/synth_1/runme.log
launch_runs impl_1 -jobs 8
[Wed Jul 31 08:29:54 2024] Launched impl_1...
Run output will be captured here: C:/Users/ackon/OneDrive/Desktop/finalproject/finalproject.runs/impl_1/runme.log
launch_runs impl_1 -to_step write_bitstream -jobs 8
[Wed Jul 31 08:31:07 2024] Launched impl_1...
Run output will be captured here: C:/Users/ackon/OneDrive/Desktop/finalproject/finalproject.runs/impl_1/runme.log
reset_run impl_1 -prev_step 
launch_runs impl_1 -to_step write_bitstream -jobs 8
[Wed Jul 31 08:32:11 2024] Launched impl_1...
Run output will be captured here: C:/Users/ackon/OneDrive/Desktop/finalproject/finalproject.runs/impl_1/runme.log
reset_run synth_1
launch_runs synth_1 -jobs 8
[Wed Jul 31 08:36:08 2024] Launched synth_1...
Run output will be captured here: C:/Users/ackon/OneDrive/Desktop/finalproject/finalproject.runs/synth_1/runme.log
launch_runs impl_1 -jobs 8
[Wed Jul 31 08:36:50 2024] Launched impl_1...
Run output will be captured here: C:/Users/ackon/OneDrive/Desktop/finalproject/finalproject.runs/impl_1/runme.log
launch_runs impl_1 -to_step write_bitstream -jobs 8
[Wed Jul 31 08:38:20 2024] Launched impl_1...
Run output will be captured here: C:/Users/ackon/OneDrive/Desktop/finalproject/finalproject.runs/impl_1/runme.log
current_project project_1
current_project finalproject
open_run impl_1
INFO: [Netlist 29-17] Analyzing 4 Unisim elements for replacement
INFO: [Netlist 29-28] Unisim Transformation completed in 0 CPU seconds
INFO: [Project 1-479] Netlist was created with Vivado 2018.3
INFO: [Device 21-403] Loading part xc7a35tcpg236-1
INFO: [Project 1-570] Preparing netlist for logic optimization
INFO: [Timing 38-478] Restoring timing data from binary archive.
INFO: [Timing 38-479] Binary timing data restore complete.
INFO: [Project 1-856] Restoring constraints from binary archive.
INFO: [Project 1-853] Binary constraint restore complete.
Reading XDEF placement.
Reading placer database...
Reading XDEF routing.
Read XDEF File: Time (s): cpu = 00:00:00 ; elapsed = 00:00:00.042 . Memory (MB): peak = 2678.934 ; gain = 0.000
Restored from archive | CPU: 0.000000 secs | Memory: 0.000000 MB |
Finished XDEF File Restore: Time (s): cpu = 00:00:00 ; elapsed = 00:00:00.042 . Memory (MB): peak = 2678.934 ; gain = 0.000
Netlist sorting complete. Time (s): cpu = 00:00:00 ; elapsed = 00:00:00 . Memory (MB): peak = 2678.934 ; gain = 0.000
INFO: [Project 1-111] Unisim Transformation Summary:
No Unisim elements were transformed.

open_run: Time (s): cpu = 00:00:19 ; elapsed = 00:00:27 . Memory (MB): peak = 2869.176 ; gain = 390.578
disconnect_hw_server localhost:3121
connect_hw_server
INFO: [Labtools 27-2285] Connecting to hw_server url TCP:localhost:3121
open_hw_target
INFO: [Labtoolstcl 44-466] Opening hw_target localhost:3121/xilinx_tcf/Digilent/210183A6F30FA
set_property PROGRAM.FILE {C:/Users/ackon/OneDrive/Desktop/finalproject/finalproject.runs/impl_1/tennisScoreboardDisplay.bit} [get_hw_devices xc7a35t_0]
current_hw_device [get_hw_devices xc7a35t_0]
refresh_hw_device -update_hw_probes false [lindex [get_hw_devices xc7a35t_0] 0]
INFO: [Labtools 27-1435] Device xc7a35t (JTAG device index = 0) is not programmed (DONE status = 0).
set_property PROBES.FILE {} [get_hw_devices xc7a35t_0]
set_property FULL_PROBES.FILE {} [get_hw_devices xc7a35t_0]
set_property PROGRAM.FILE {C:/Users/ackon/OneDrive/Desktop/finalproject/finalproject.runs/impl_1/tennisScoreboardDisplay.bit} [get_hw_devices xc7a35t_0]
program_hw_devices [get_hw_devices xc7a35t_0]
INFO: [Labtools 27-3164] End of startup status: HIGH
refresh_hw_device [lindex [get_hw_devices xc7a35t_0] 0]
INFO: [Labtools 27-1434] Device xc7a35t (JTAG device index = 0) is programmed with a design that has no supported debug core(s) in it.
ERROR: [Labtoolstcl 44-513] HW Target shutdown. Closing target: localhost:3121/xilinx_tcf/Digilent/210183A6F30FA
close_project
exit
INFO: [Common 17-206] Exiting Vivado at Wed Jul 31 17:40:43 2024...
